This is pdfeTeX, Version 3.141592-1.21a-2.2 (Web2C 7.5.4) (format=pdflatex 2007.11.29)  29 APR 2009 16:30
entering extended mode
**paper.tex
(./paper.tex
LaTeX2e <2003/12/01>
Babel <v3.8d> and hyphenation patterns for american, french, german, ngerman, b
ahasa, basque, bulgarian, catalan, croatian, czech, danish, dutch, esperanto, e
stonian, finnish, greek, icelandic, irish, italian, latin, magyar, norsk, polis
h, portuges, romanian, russian, serbian, slovak, slovene, spanish, swedish, tur
kish, ukrainian, nohyphenation, loaded.
(/usr/share/texmf/tex/latex/base/article.cls
Document Class: article 2004/02/16 v1.4f Standard LaTeX document class
(/usr/share/texmf/tex/latex/base/size10.clo
File: size10.clo 2004/02/16 v1.4f Standard LaTeX file (size option)
)
\c@part=\count79
\c@section=\count80
\c@subsection=\count81
\c@subsubsection=\count82
\c@paragraph=\count83
\c@subparagraph=\count84
\c@figure=\count85
\c@table=\count86
\abovecaptionskip=\skip41
\belowcaptionskip=\skip42
\bibindent=\dimen102
)
(/usr/share/texmf/tex/latex/geometry/geometry.sty
Package: geometry 2002/07/08 v3.2 Page Geometry

(/usr/share/texmf/tex/latex/graphics/keyval.sty
Package: keyval 1999/03/16 v1.13 key=value parser (DPC)
\KV@toks@=\toks14
)
\Gm@cnth=\count87
\Gm@cntv=\count88
\c@Gm@tempcnt=\count89
\Gm@bindingoffset=\dimen103
\Gm@wd@mp=\dimen104
\Gm@odd@mp=\dimen105
\Gm@even@mp=\dimen106
\Gm@dimlist=\toks15

(/usr/share/texmf/tex/latex/geometry/geometry.cfg))
(/usr/share/texmf/tex/latex/graphics/graphicx.sty
Package: graphicx 1999/02/16 v1.0f Enhanced LaTeX Graphics (DPC,SPQR)

(/usr/share/texmf/tex/latex/graphics/graphics.sty
Package: graphics 2001/07/07 v1.0n Standard LaTeX Graphics (DPC,SPQR)

(/usr/share/texmf/tex/latex/graphics/trig.sty
Package: trig 1999/03/16 v1.09 sin cos tan (DPC)
)
(/usr/share/texmf/tex/latex/graphics/graphics.cfg
File: graphics.cfg 2005/02/03 v1.3 graphics configuration of teTeX/TeXLive
)
Package graphics Info: Driver file: pdftex.def on input line 80.

(/usr/share/texmf/tex/latex/graphics/pdftex.def
File: pdftex.def 2002/06/19 v0.03k graphics/color for pdftex
\Gread@gobject=\count90
))
\Gin@req@height=\dimen107
\Gin@req@width=\dimen108
)
(/usr/share/texmf/tex/latex/url/url.sty
\Urlmuskip=\muskip10
Package: url 2004/03/15  ver 3.1  Verb mode for urls, etc.
) (./paper.aux)
\openout1 = `paper.aux'.

LaTeX Font Info:    Checking defaults for OML/cmm/m/it on input line 8.
LaTeX Font Info:    ... okay on input line 8.
LaTeX Font Info:    Checking defaults for T1/cmr/m/n on input line 8.
LaTeX Font Info:    ... okay on input line 8.
LaTeX Font Info:    Checking defaults for OT1/cmr/m/n on input line 8.
LaTeX Font Info:    ... okay on input line 8.
LaTeX Font Info:    Checking defaults for OMS/cmsy/m/n on input line 8.
LaTeX Font Info:    ... okay on input line 8.
LaTeX Font Info:    Checking defaults for OMX/cmex/m/n on input line 8.
LaTeX Font Info:    ... okay on input line 8.
LaTeX Font Info:    Checking defaults for U/cmr/m/n on input line 8.
LaTeX Font Info:    ... okay on input line 8.
-------------------- Geometry parameters
paper: letterpaper
landscape: --
twocolumn: true
twoside: --
asymmetric: --
h-parts: 72.26999pt, 469.75502pt, 72.26999pt
v-parts: 72.26999pt, 650.43001pt, 72.26999pt
hmarginratio: --
vmarginratio: --
lines: --
heightrounded: --
bindingoffset: 0.0pt
truedimen: --
includehead: --
includefoot: --
includemp: --
driver: pdftex
-------------------- Page layout dimensions and switches
\paperwidth  614.295pt
\paperheight 794.96999pt
\textwidth  469.75502pt
\textheight 650.43001pt
\oddsidemargin  0.0pt
\evensidemargin 0.0pt
\topmargin  -37.0pt
\headheight 12.0pt
\headsep    25.0pt
\footskip   30.0pt
\marginparwidth 4.0pt
\marginparsep   10.0pt
\columnsep  10.0pt
\skip\footins  9.0pt plus 4.0pt minus 2.0pt
\hoffset 0.0pt
\voffset 0.0pt
\mag 1000
\@twocolumntrue 
(1in=72.27pt, 1cm=28.45pt)
-----------------------

(/usr/share/texmf/tex/context/base/supp-pdf.tex
(/usr/share/texmf/tex/context/base/supp-mis.tex
loading : Context Support Macros / Miscellaneous (2004.10.26)
\protectiondepth=\count91
\scratchcounter=\count92
\scratchtoks=\toks16
\scratchdimen=\dimen109
\scratchskip=\skip43
\scratchmuskip=\muskip11
\scratchbox=\box26
\scratchread=\read1
\scratchwrite=\write3
\zeropoint=\dimen110
\onepoint=\dimen111
\onebasepoint=\dimen112
\minusone=\count93
\thousandpoint=\dimen113
\onerealpoint=\dimen114
\emptytoks=\toks17
\nextbox=\box27
\nextdepth=\dimen115
\everyline=\toks18
\!!counta=\count94
\!!countb=\count95
\recursecounter=\count96
)
loading : Context Support Macros / PDF (2004.03.26)
\nofMPsegments=\count97
\nofMParguments=\count98
\MPscratchCnt=\count99
\MPscratchDim=\dimen116
\MPnumerator=\count100
\everyMPtoPDFconversion=\toks19
)
LaTeX Font Info:    External font `cmex10' loaded for size
(Font)              <12> on input line 9.
LaTeX Font Info:    External font `cmex10' loaded for size
(Font)              <8> on input line 9.
LaTeX Font Info:    External font `cmex10' loaded for size
(Font)              <6> on input line 9.
 (./background.tex
LaTeX Font Info:    External font `cmex10' loaded for size
(Font)              <7> on input line 18.
LaTeX Font Info:    External font `cmex10' loaded for size
(Font)              <5> on input line 18.
 [1{/usr/share/texmf-var/fonts/map/pdftex/updmap/pdftex.map}


]) (./implementation.tex [2]) (./performance.tex
Underfull \hbox (badness 3895) in paragraph at lines 4--4
[]\OT1/cmr/bx/n/12 Performance of the Trans-port
 []

<strong-scaling.png, id=44, 642.4pt x 481.8pt>
File: strong-scaling.png Graphic file (type png)
 <use strong-scaling.png>
(./storage_model.tex [3 <./strong-scaling.png>]
Overfull \hbox (11.65068pt too wide) in paragraph at lines 15--22
[][] 
 []


Overfull \hbox (11.65068pt too wide) in paragraph at lines 38--45
[][] 
 []


Overfull \hbox (1.2342pt too wide) in paragraph at lines 50--60
[][] 
 []

) [4]) (./conclusions.tex (./implications_signature_forgery.tex [5])
(./future_works.tex)) (./paper.bbl
Underfull \hbox (badness 2837) in paragraph at lines 9--15
[]\OT1/cmr/m/n/10 Electronic Fron-tier Foun-da-tion.  Fre-quently
 []


Underfull \hbox (badness 10000) in paragraph at lines 9--15
\OT1/cmtt/m/n/10 / / w2 . eff . org / Privacy / Crypto / Crypto[]misc /
 []

) [6] (./paper.aux) ) 
Here is how much of TeX's memory you used:
 1351 strings out of 94500
 17278 string characters out of 1173668
 72599 words of memory out of 1000000
 4529 multiletter control sequences out of 10000+50000
 8454 words of font info for 30 fonts, out of 500000 for 2000
 580 hyphenation exceptions out of 1000
 25i,9n,32p,221b,268s stack positions out of 1500i,500n,5000p,200000b,5000s
PDF statistics:
 63 PDF objects out of 300000
 0 named destinations out of 131072
 6 words of extra memory for PDF output out of 65536
</usr/share/texmf/fonts/type1/bluesky/cm/cmti10.pfb></usr/
share/texmf/fonts/type1/bluesky/cm/cmtt10.pfb></usr/share/texmf/fonts/type1/blu
esky/cm/cmsl10.pfb></usr/share/texmf/fonts/type1/bluesky/cm/cmsy10.pfb></usr/sh
are/texmf/fonts/type1/bluesky/cm/cmsy7.pfb></usr/share/texmf/fonts/type1/bluesk
y/cm/cmmi7.pfb></usr/share/texmf/fonts/type1/bluesky/cm/cmr7.pfb></usr/share/te
xmf/fonts/type1/bluesky/cm/cmr5.pfb></usr/share/texmf/fonts/type1/bluesky/cm/cm
mi5.pfb></usr/share/texmf/fonts/type1/bluesky/cm/cmmi10.pfb></usr/share/texmf/f
onts/type1/bluesky/cm/cmr10.pfb></usr/share/texmf/fonts/type1/bluesky/cm/cmbx12
.pfb></usr/share/texmf/fonts/type1/bluesky/cm/cmr12.pfb></usr/share/texmf/fonts
/type1/bluesky/cm/cmr17.pfb>
Output written on paper.pdf (6 pages, 121867 bytes).
